<?xml version="1.0" encoding="UTF-8"?>
<testsuite name="com.leesha.book.springboot.domains.posts.PostsRepositoryTest" tests="2" skipped="0" failures="0" errors="0" timestamp="2023-01-06T03:28:35" hostname="DESKTOP-6TA3NNG" time="0.044">
  <properties/>
  <testcase name="게시글저장_불러오기" classname="com.leesha.book.springboot.domains.posts.PostsRepositoryTest" time="0.029"/>
  <testcase name="BaseTimeEntity_등록" classname="com.leesha.book.springboot.domains.posts.PostsRepositoryTest" time="0.014"/>
  <system-out><![CDATA[2023-01-06 12:28:33.003  INFO 8484 --- [    Test worker] .b.t.c.SpringBootTestContextBootstrapper : Neither @ContextConfiguration nor @ContextHierarchy found for test class [com.leesha.book.springboot.domains.posts.PostsRepositoryTest], using SpringBootContextLoader
2023-01-06 12:28:33.005  INFO 8484 --- [    Test worker] o.s.t.c.support.AbstractContextLoader    : Could not detect default resource locations for test class [com.leesha.book.springboot.domains.posts.PostsRepositoryTest]: no resource found for suffixes {-context.xml, Context.groovy}.
2023-01-06 12:28:33.005  INFO 8484 --- [    Test worker] t.c.s.AnnotationConfigContextLoaderUtils : Could not detect default configuration classes for test class [com.leesha.book.springboot.domains.posts.PostsRepositoryTest]: PostsRepositoryTest does not declare any static, non-private, non-final, nested classes annotated with @Configuration.
2023-01-06 12:28:33.017  INFO 8484 --- [    Test worker] .b.t.c.SpringBootTestContextBootstrapper : Found @SpringBootConfiguration com.leesha.book.springboot.Application for test class com.leesha.book.springboot.domains.posts.PostsRepositoryTest
2023-01-06 12:28:33.020  INFO 8484 --- [    Test worker] .b.t.c.SpringBootTestContextBootstrapper : Loaded default TestExecutionListener class names from location [META-INF/spring.factories]: [org.springframework.boot.test.autoconfigure.restdocs.RestDocsTestExecutionListener, org.springframework.boot.test.autoconfigure.web.client.MockRestServiceServerResetTestExecutionListener, org.springframework.boot.test.autoconfigure.web.servlet.MockMvcPrintOnlyOnFailureTestExecutionListener, org.springframework.boot.test.autoconfigure.web.servlet.WebDriverTestExecutionListener, org.springframework.boot.test.mock.mockito.MockitoTestExecutionListener, org.springframework.boot.test.mock.mockito.ResetMocksTestExecutionListener, org.springframework.test.context.web.ServletTestExecutionListener, org.springframework.test.context.support.DirtiesContextBeforeModesTestExecutionListener, org.springframework.test.context.support.DependencyInjectionTestExecutionListener, org.springframework.test.context.support.DirtiesContextTestExecutionListener, org.springframework.test.context.transaction.TransactionalTestExecutionListener, org.springframework.test.context.jdbc.SqlScriptsTestExecutionListener]
2023-01-06 12:28:33.021  INFO 8484 --- [    Test worker] .b.t.c.SpringBootTestContextBootstrapper : Using TestExecutionListeners: [org.springframework.test.context.web.ServletTestExecutionListener@71be0188, org.springframework.test.context.support.DirtiesContextBeforeModesTestExecutionListener@7abc09e1, org.springframework.boot.test.mock.mockito.MockitoTestExecutionListener@1b7cdaf3, org.springframework.boot.test.autoconfigure.SpringBootDependencyInjectionTestExecutionListener@163601d9, org.springframework.test.context.support.DirtiesContextTestExecutionListener@1785e0d6, org.springframework.test.context.transaction.TransactionalTestExecutionListener@dec00c6, org.springframework.test.context.jdbc.SqlScriptsTestExecutionListener@70bae8ca, org.springframework.boot.test.autoconfigure.restdocs.RestDocsTestExecutionListener@56a407cd, org.springframework.boot.test.autoconfigure.web.client.MockRestServiceServerResetTestExecutionListener@6e9fce9f, org.springframework.boot.test.autoconfigure.web.servlet.MockMvcPrintOnlyOnFailureTestExecutionListener@31819ba, org.springframework.boot.test.autoconfigure.web.servlet.WebDriverTestExecutionListener@24c35dab, org.springframework.boot.test.mock.mockito.ResetMocksTestExecutionListener@52afac91]

  .   ____          _            __ _ _
 /\\ / ___'_ __ _ _(_)_ __  __ _ \ \ \ \
( ( )\___ | '_ | '_| | '_ \/ _` | \ \ \ \
 \\/  ___)| |_)| | | | | || (_| |  ) ) ) )
  '  |____| .__|_| |_|_| |_\__, | / / / /
 =========|_|==============|___/=/_/_/_/
 :: Spring Boot ::        (v2.1.7.RELEASE)

2023-01-06 12:28:33.093  INFO 8484 --- [    Test worker] c.l.b.s.d.posts.PostsRepositoryTest      : Starting PostsRepositoryTest on DESKTOP-6TA3NNG with PID 8484 (started by leesha in C:\Users\leesha\web\springboot)
2023-01-06 12:28:33.093  INFO 8484 --- [    Test worker] c.l.b.s.d.posts.PostsRepositoryTest      : The following profiles are active: oauth
2023-01-06 12:28:33.410  INFO 8484 --- [    Test worker] .s.d.r.c.RepositoryConfigurationDelegate : Bootstrapping Spring Data repositories in DEFAULT mode.
2023-01-06 12:28:33.470  INFO 8484 --- [    Test worker] .s.d.r.c.RepositoryConfigurationDelegate : Finished Spring Data repository scanning in 60ms. Found 2 repository interfaces.
2023-01-06 12:28:33.610  INFO 8484 --- [    Test worker] trationDelegate$BeanPostProcessorChecker : Bean 'org.springframework.transaction.annotation.ProxyTransactionManagementConfiguration' of type [org.springframework.transaction.annotation.ProxyTransactionManagementConfiguration$$EnhancerBySpringCGLIB$$87b93e2e] is not eligible for getting processed by all BeanPostProcessors (for example: not eligible for auto-proxying)
2023-01-06 12:28:33.734  INFO 8484 --- [    Test worker] com.zaxxer.hikari.HikariDataSource       : HikariPool-2 - Starting...
2023-01-06 12:28:33.735  INFO 8484 --- [    Test worker] com.zaxxer.hikari.HikariDataSource       : HikariPool-2 - Start completed.
2023-01-06 12:28:33.787  INFO 8484 --- [    Test worker] o.hibernate.jpa.internal.util.LogHelper  : HHH000204: Processing PersistenceUnitInfo [
	name: default
	...]
2023-01-06 12:28:33.809  INFO 8484 --- [    Test worker] org.hibernate.dialect.Dialect            : HHH000400: Using dialect: org.hibernate.dialect.MySQL5InnoDBDialect
Hibernate: drop table if exists posts
Hibernate: drop table if exists user
Hibernate: create table posts (id bigint not null auto_increment, created_date datetime, modified_date datetime, author varchar(255), content TEXT not null, title varchar(500) not null, primary key (id)) engine=InnoDB
Hibernate: create table user (id bigint not null auto_increment, created_date datetime, modified_date datetime, email varchar(255) not null, name varchar(255) not null, picture varchar(255), role varchar(255) not null, primary key (id)) engine=InnoDB
2023-01-06 12:28:33.890  INFO 8484 --- [    Test worker] o.h.t.schema.internal.SchemaCreatorImpl  : HHH000476: Executing import script 'org.hibernate.tool.schema.internal.exec.ScriptSourceInputNonExistentImpl@577b146a'
2023-01-06 12:28:33.891  INFO 8484 --- [    Test worker] j.LocalContainerEntityManagerFactoryBean : Initialized JPA EntityManagerFactory for persistence unit 'default'
2023-01-06 12:28:34.204  INFO 8484 --- [    Test worker] o.h.h.i.QueryTranslatorFactoryInitiator  : HHH000397: Using ASTQueryTranslatorFactory
2023-01-06 12:28:34.474  INFO 8484 --- [    Test worker] o.s.s.web.DefaultSecurityFilterChain     : Creating filter chain: any request, [org.springframework.security.web.context.request.async.WebAsyncManagerIntegrationFilter@29a7ce9f, org.springframework.security.web.context.SecurityContextPersistenceFilter@508d6aab, org.springframework.security.web.header.HeaderWriterFilter@6310c20f, org.springframework.security.web.authentication.logout.LogoutFilter@69e2100d, org.springframework.security.oauth2.client.web.OAuth2AuthorizationRequestRedirectFilter@2a92fbf, org.springframework.security.oauth2.client.web.OAuth2LoginAuthenticationFilter@3c11ec79, org.springframework.security.web.authentication.ui.DefaultLoginPageGeneratingFilter@5281e0c4, org.springframework.security.web.authentication.ui.DefaultLogoutPageGeneratingFilter@36f0ca86, org.springframework.security.web.savedrequest.RequestCacheAwareFilter@84750a2, org.springframework.security.web.servletapi.SecurityContextHolderAwareRequestFilter@6da2fb1f, org.springframework.security.web.authentication.AnonymousAuthenticationFilter@7d6fdf30, org.springframework.security.web.session.SessionManagementFilter@628ba2e5, org.springframework.security.web.access.ExceptionTranslationFilter@6787e2aa, org.springframework.security.web.access.intercept.FilterSecurityInterceptor@2087e9e4]
2023-01-06 12:28:34.875  INFO 8484 --- [    Test worker] o.s.s.concurrent.ThreadPoolTaskExecutor  : Initializing ExecutorService 'applicationTaskExecutor'
2023-01-06 12:28:34.891  WARN 8484 --- [    Test worker] aWebConfiguration$JpaWebMvcConfiguration : spring.jpa.open-in-view is enabled by default. Therefore, database queries may be performed during view rendering. Explicitly configure spring.jpa.open-in-view to disable this warning
2023-01-06 12:28:34.931  INFO 8484 --- [    Test worker] o.s.b.a.w.s.WelcomePageHandlerMapping    : Adding welcome page template: index
2023-01-06 12:28:35.544  INFO 8484 --- [    Test worker] s.a.ScheduledAnnotationBeanPostProcessor : No TaskScheduler/ScheduledExecutorService bean found for scheduled processing
2023-01-06 12:28:35.546  INFO 8484 --- [    Test worker] c.l.b.s.d.posts.PostsRepositoryTest      : Started PostsRepositoryTest in 2.522 seconds (JVM running for 18.996)
Hibernate: insert into posts (created_date, modified_date, author, content, title) values (?, ?, ?, ?, ?)
Hibernate: select posts0_.id as id1_0_, posts0_.created_date as created_2_0_, posts0_.modified_date as modified3_0_, posts0_.author as author4_0_, posts0_.content as content5_0_, posts0_.title as title6_0_ from posts posts0_
Hibernate: select posts0_.id as id1_0_, posts0_.created_date as created_2_0_, posts0_.modified_date as modified3_0_, posts0_.author as author4_0_, posts0_.content as content5_0_, posts0_.title as title6_0_ from posts posts0_
Hibernate: delete from posts where id=?
Hibernate: insert into posts (created_date, modified_date, author, content, title) values (?, ?, ?, ?, ?)
Hibernate: select posts0_.id as id1_0_, posts0_.created_date as created_2_0_, posts0_.modified_date as modified3_0_, posts0_.author as author4_0_, posts0_.content as content5_0_, posts0_.title as title6_0_ from posts posts0_
Hibernate: select posts0_.id as id1_0_, posts0_.created_date as created_2_0_, posts0_.modified_date as modified3_0_, posts0_.author as author4_0_, posts0_.content as content5_0_, posts0_.title as title6_0_ from posts posts0_
>>>>>>>>> postsRepository=[com.leesha.book.springboot.domain.posts.Posts@1794b5e5]
>>>>>>>>> posts=com.leesha.book.springboot.domain.posts.Posts@57cf9251
>>>>>>>>> createDate=2023-01-06T12:28:35.590, modifiedDate = 2023-01-06T12:28:35.590
Hibernate: select posts0_.id as id1_0_, posts0_.created_date as created_2_0_, posts0_.modified_date as modified3_0_, posts0_.author as author4_0_, posts0_.content as content5_0_, posts0_.title as title6_0_ from posts posts0_
Hibernate: delete from posts where id=?
]]></system-out>
  <system-err><![CDATA[]]></system-err>
</testsuite>
