<?xml version="1.0" encoding="UTF-8"?>
<testsuite name="com.leesha.book.springboot.web.IndexControllerTest" tests="1" skipped="0" failures="0" errors="0" timestamp="2023-01-06T03:28:35" hostname="DESKTOP-6TA3NNG" time="0.117">
  <properties/>
  <testcase name="메인페이지_로딩" classname="com.leesha.book.springboot.web.IndexControllerTest" time="0.117"/>
  <system-out><![CDATA[2023-01-06 12:28:35.604  INFO 8484 --- [    Test worker] .b.t.c.SpringBootTestContextBootstrapper : Neither @ContextConfiguration nor @ContextHierarchy found for test class [com.leesha.book.springboot.web.IndexControllerTest], using SpringBootContextLoader
2023-01-06 12:28:35.606  INFO 8484 --- [    Test worker] o.s.t.c.support.AbstractContextLoader    : Could not detect default resource locations for test class [com.leesha.book.springboot.web.IndexControllerTest]: no resource found for suffixes {-context.xml, Context.groovy}.
2023-01-06 12:28:35.606  INFO 8484 --- [    Test worker] t.c.s.AnnotationConfigContextLoaderUtils : Could not detect default configuration classes for test class [com.leesha.book.springboot.web.IndexControllerTest]: IndexControllerTest does not declare any static, non-private, non-final, nested classes annotated with @Configuration.
2023-01-06 12:28:35.608  INFO 8484 --- [    Test worker] .b.t.c.SpringBootTestContextBootstrapper : Found @SpringBootConfiguration com.leesha.book.springboot.Application for test class com.leesha.book.springboot.web.IndexControllerTest
2023-01-06 12:28:35.611  INFO 8484 --- [    Test worker] .b.t.c.SpringBootTestContextBootstrapper : Loaded default TestExecutionListener class names from location [META-INF/spring.factories]: [org.springframework.boot.test.autoconfigure.restdocs.RestDocsTestExecutionListener, org.springframework.boot.test.autoconfigure.web.client.MockRestServiceServerResetTestExecutionListener, org.springframework.boot.test.autoconfigure.web.servlet.MockMvcPrintOnlyOnFailureTestExecutionListener, org.springframework.boot.test.autoconfigure.web.servlet.WebDriverTestExecutionListener, org.springframework.boot.test.mock.mockito.MockitoTestExecutionListener, org.springframework.boot.test.mock.mockito.ResetMocksTestExecutionListener, org.springframework.test.context.web.ServletTestExecutionListener, org.springframework.test.context.support.DirtiesContextBeforeModesTestExecutionListener, org.springframework.test.context.support.DependencyInjectionTestExecutionListener, org.springframework.test.context.support.DirtiesContextTestExecutionListener, org.springframework.test.context.transaction.TransactionalTestExecutionListener, org.springframework.test.context.jdbc.SqlScriptsTestExecutionListener]
2023-01-06 12:28:35.611  INFO 8484 --- [    Test worker] .b.t.c.SpringBootTestContextBootstrapper : Using TestExecutionListeners: [org.springframework.test.context.web.ServletTestExecutionListener@48d2bddb, org.springframework.test.context.support.DirtiesContextBeforeModesTestExecutionListener@3cfe6ead, org.springframework.boot.test.mock.mockito.MockitoTestExecutionListener@741699a5, org.springframework.boot.test.autoconfigure.SpringBootDependencyInjectionTestExecutionListener@4094d4cc, org.springframework.test.context.support.DirtiesContextTestExecutionListener@1d758560, org.springframework.test.context.transaction.TransactionalTestExecutionListener@52b11b65, org.springframework.test.context.jdbc.SqlScriptsTestExecutionListener@12aa6b27, org.springframework.boot.test.autoconfigure.restdocs.RestDocsTestExecutionListener@747eef0a, org.springframework.boot.test.autoconfigure.web.client.MockRestServiceServerResetTestExecutionListener@45112a60, org.springframework.boot.test.autoconfigure.web.servlet.MockMvcPrintOnlyOnFailureTestExecutionListener@1f216b94, org.springframework.boot.test.autoconfigure.web.servlet.WebDriverTestExecutionListener@5e93d804, org.springframework.boot.test.mock.mockito.ResetMocksTestExecutionListener@5d967a63]
Hibernate: select posts0_.id as id1_0_, posts0_.created_date as created_2_0_, posts0_.modified_date as modified3_0_, posts0_.author as author4_0_, posts0_.content as content5_0_, posts0_.title as title6_0_ from posts posts0_ order by posts0_.id DESC
]]></system-out>
  <system-err><![CDATA[]]></system-err>
</testsuite>
